<?xml version="1.0" encoding="UTF-8"?>
<testng-results ignored="0" total="3" passed="3" failed="0" skipped="0">
  <reporter-output>
  </reporter-output>
  <suite started-at="2024-12-09T17:29:32 IST" name="Default suite" finished-at="2024-12-09T17:30:57 IST" duration-ms="85506">
    <groups>
      <group name="cucumber">
        <method signature="AbstractTestNGCucumberTests.runScenario(io.cucumber.testng.PickleWrapper,io.cucumber.testng.FeatureWrapper)[pri:0, instance:awesomeCucumber.runner.TestNGRunnerTest@1e16c0aa]" name="runScenario" class="io.cucumber.testng.AbstractTestNGCucumberTests"/>
      </group> <!-- cucumber -->
    </groups>
    <test started-at="2024-12-09T17:29:32 IST" name="Default test" finished-at="2024-12-09T17:30:57 IST" duration-ms="85506">
      <class name="awesomeCucumber.runner.TestNGRunnerTest">
        <test-method is-config="true" signature="setUpClass(org.testng.ITestContext)[pri:0, instance:awesomeCucumber.runner.TestNGRunnerTest@1e16c0aa]" started-at="2024-12-09T17:29:32 IST" name="setUpClass" finished-at="2024-12-09T17:29:33 IST" duration-ms="1494" status="PASS">
          <params>
            <param index="0">
              <value>
                <![CDATA[org.testng.TestRunner@4f8b4bd0]]>
              </value>
            </param>
          </params>
          <reporter-output>
          </reporter-output>
        </test-method> <!-- setUpClass -->
        <test-method is-config="true" signature="beforeClass()[pri:0, instance:awesomeCucumber.runner.TestNGRunnerTest@1e16c0aa]" started-at="2024-12-09T17:29:33 IST" name="beforeClass" finished-at="2024-12-09T17:29:33 IST" duration-ms="1" status="PASS">
          <reporter-output>
          </reporter-output>
        </test-method> <!-- beforeClass -->
        <test-method signature="runScenario(io.cucumber.testng.PickleWrapper,io.cucumber.testng.FeatureWrapper)[pri:0, instance:awesomeCucumber.runner.TestNGRunnerTest@1e16c0aa]" started-at="2024-12-09T17:29:34 IST" name="runScenario" description="Runs Cucumber Scenarios" data-provider="scenarios" finished-at="2024-12-09T17:30:56 IST" duration-ms="82662" status="PASS">
          <params>
            <param index="0">
              <value>
                <![CDATA["Add one quantity from store  examples"]]>
              </value>
            </param>
            <param index="1">
              <value>
                <![CDATA["Add to cart"]]>
              </value>
            </param>
          </params>
          <reporter-output>
          </reporter-output>
        </test-method> <!-- runScenario -->
        <test-method signature="runScenario(io.cucumber.testng.PickleWrapper,io.cucumber.testng.FeatureWrapper)[pri:0, instance:awesomeCucumber.runner.TestNGRunnerTest@1e16c0aa]" started-at="2024-12-09T17:29:34 IST" name="runScenario" description="Runs Cucumber Scenarios" data-provider="scenarios" finished-at="2024-12-09T17:30:57 IST" duration-ms="83114" status="PASS">
          <params>
            <param index="0">
              <value>
                <![CDATA["using defaul payment option"]]>
              </value>
            </param>
            <param index="1">
              <value>
                <![CDATA["Pace an order"]]>
              </value>
            </param>
          </params>
          <reporter-output>
          </reporter-output>
        </test-method> <!-- runScenario -->
        <test-method signature="runScenario(io.cucumber.testng.PickleWrapper,io.cucumber.testng.FeatureWrapper)[pri:0, instance:awesomeCucumber.runner.TestNGRunnerTest@1e16c0aa]" started-at="2024-12-09T17:29:34 IST" name="runScenario" description="Runs Cucumber Scenarios" data-provider="scenarios" finished-at="2024-12-09T17:30:57 IST" duration-ms="83172" status="PASS">
          <params>
            <param index="0">
              <value>
                <![CDATA["Add one quantity from store  examples"]]>
              </value>
            </param>
            <param index="1">
              <value>
                <![CDATA["Add to cart"]]>
              </value>
            </param>
          </params>
          <reporter-output>
          </reporter-output>
        </test-method> <!-- runScenario -->
        <test-method is-config="true" signature="afterClass()[pri:0, instance:awesomeCucumber.runner.TestNGRunnerTest@1e16c0aa]" started-at="2024-12-09T17:30:57 IST" name="afterClass" finished-at="2024-12-09T17:30:57 IST" duration-ms="2" status="PASS">
          <reporter-output>
          </reporter-output>
        </test-method> <!-- afterClass -->
        <test-method is-config="true" signature="tearDownClass()[pri:0, instance:awesomeCucumber.runner.TestNGRunnerTest@1e16c0aa]" started-at="2024-12-09T17:30:57 IST" name="tearDownClass" finished-at="2024-12-09T17:30:57 IST" duration-ms="687" status="PASS">
          <reporter-output>
          </reporter-output>
        </test-method> <!-- tearDownClass -->
      </class> <!-- awesomeCucumber.runner.TestNGRunnerTest -->
    </test> <!-- Default test -->
  </suite> <!-- Default suite -->
</testng-results>
