<?xml version="1.0" encoding="UTF-8"?>
<testng-results ignored="0" total="1" passed="1" failed="0" skipped="0">
  <reporter-output>
  </reporter-output>
  <suite started-at="2024-06-13T09:36:51 IST" name="Default suite" finished-at="2024-06-13T09:36:52 IST" duration-ms="646">
    <groups>
      <group name="cucumber">
        <method signature="AbstractTestNGCucumberTests.runScenario(io.cucumber.testng.PickleWrapper,io.cucumber.testng.FeatureWrapper)[pri:0, instance:awesomeCucumber.runner.TestNGRunnerTest@312aa7c]" name="runScenario" class="io.cucumber.testng.AbstractTestNGCucumberTests"/>
      </group> <!-- cucumber -->
    </groups>
    <test started-at="2024-06-13T09:36:51 IST" name="Default test" finished-at="2024-06-13T09:36:52 IST" duration-ms="646">
      <class name="awesomeCucumber.runner.TestNGRunnerTest">
        <test-method is-config="true" signature="setUpClass(org.testng.ITestContext)[pri:0, instance:awesomeCucumber.runner.TestNGRunnerTest@312aa7c]" started-at="2024-06-13T09:36:51 IST" name="setUpClass" finished-at="2024-06-13T09:36:52 IST" duration-ms="448" status="PASS">
          <params>
            <param index="0">
              <value>
                <![CDATA[org.testng.TestRunner@3f19b8b3]]>
              </value>
            </param>
          </params>
          <reporter-output>
          </reporter-output>
        </test-method> <!-- setUpClass -->
        <test-method is-config="true" signature="beforeClass()[pri:0, instance:awesomeCucumber.runner.TestNGRunnerTest@312aa7c]" started-at="2024-06-13T09:36:52 IST" name="beforeClass" finished-at="2024-06-13T09:36:52 IST" duration-ms="1" status="PASS">
          <reporter-output>
          </reporter-output>
        </test-method> <!-- beforeClass -->
        <test-method signature="runScenario(io.cucumber.testng.PickleWrapper,io.cucumber.testng.FeatureWrapper)[pri:0, instance:awesomeCucumber.runner.TestNGRunnerTest@312aa7c]" started-at="2024-06-13T09:36:52 IST" name="runScenario" description="Runs Cucumber Scenarios" data-provider="scenarios" finished-at="2024-06-13T09:36:52 IST" duration-ms="109" status="PASS">
          <params>
            <param index="0">
              <value>
                <![CDATA["scenarioOne"]]>
              </value>
            </param>
            <param index="1">
              <value>
                <![CDATA["dummy feature"]]>
              </value>
            </param>
          </params>
          <reporter-output>
          </reporter-output>
        </test-method> <!-- runScenario -->
        <test-method is-config="true" signature="afterClass()[pri:0, instance:awesomeCucumber.runner.TestNGRunnerTest@312aa7c]" started-at="2024-06-13T09:36:52 IST" name="afterClass" finished-at="2024-06-13T09:36:52 IST" duration-ms="0" status="PASS">
          <reporter-output>
          </reporter-output>
        </test-method> <!-- afterClass -->
        <test-method is-config="true" signature="tearDownClass()[pri:0, instance:awesomeCucumber.runner.TestNGRunnerTest@312aa7c]" started-at="2024-06-13T09:36:52 IST" name="tearDownClass" finished-at="2024-06-13T09:36:52 IST" duration-ms="8" status="PASS">
          <reporter-output>
          </reporter-output>
        </test-method> <!-- tearDownClass -->
      </class> <!-- awesomeCucumber.runner.TestNGRunnerTest -->
    </test> <!-- Default test -->
  </suite> <!-- Default suite -->
</testng-results>
